2013-12-04 11:02:17: 导出游戏服表结构、存储过程
2013-12-04 11:02:17: 导出游戏服系统数据
2013-12-04 11:02:17: 导出登录服表结构、存储过程
2013-12-04 11:02:17: 导出登录服系统数据
2013-12-04 11:03:22: 导出游戏服表结构、存储过程
2013-12-04 11:03:24: 导出游戏服系统数据
2013-12-04 11:03:24: 导出登录服表结构、存储过程
2013-12-04 11:03:24: 导出登录服系统数据
2013-12-04 16:15:46: 导出游戏服表结构、存储过程
2013-12-04 16:15:48: 导出游戏服系统数据
2013-12-04 16:15:48: 导出游戏服统计表结构、存储过程
2013-12-04 16:15:49: 导出游戏服统计系统数据
2013-12-04 16:15:49: 导出登录服表结构、存储过程
2013-12-04 16:15:49: 导出登录服系统数据
2013-12-10 18:37:16: 导出游戏服表结构、存储过程
2013-12-10 18:37:17: 导出游戏服系统数据
2013-12-10 18:37:17: 导出游戏服统计表结构、存储过程
2013-12-10 18:37:17: 游戏服统计系统数据没有
2013-12-10 18:37:18: 导出登录服表结构、存储过程
2013-12-10 18:37:18: 导出登录服系统数据
2013-12-12 10:29:56: 导出游戏服表结构、存储过程
2013-12-12 10:29:58: 导出游戏服系统数据
2013-12-12 10:29:58: 导出游戏服统计表结构、存储过程
2013-12-12 10:29:59: 游戏服统计系统数据没有
2013-12-12 10:29:59: 导出登录服表结构、存储过程
2013-12-12 10:29:59: 导出登录服系统数据
2013-12-16 14:31:12: 导出游戏服表结构、存储过程
2013-12-16 14:31:14: 导出游戏服系统数据
2013-12-16 14:31:14: 导出游戏服统计表结构、存储过程
2013-12-16 14:31:14: 游戏服统计系统数据没有
2013-12-16 14:31:14: 导出登录服表结构、存储过程
2013-12-16 14:31:15: 导出登录服系统数据
